<?xml version="1.0" encoding="UTF-8"?>
<!-- Generated by org.testng.reporters.JUnitReportReporter -->
<testsuite hostname="DESKTOP-KB5IODC" failures="0" tests="1" name="com.vtiger.tests.DcoumentTestCase" time="16.239" errors="0" timestamp="2022-10-07T19:18:39 IST" skipped="0">
  <testcase classname="com.vtiger.tests.DcoumentTestCase" name="validateTestCase" time="16.239"/>
  <system-out/>
</testsuite> <!-- com.vtiger.tests.DcoumentTestCase -->
