<?xml version="1.0" encoding="UTF-8"?>
<!-- Generated by org.testng.reporters.JUnitReportReporter -->
<testsuite hostname="DESKTOP-KB5IODC" failures="0" tests="1" name="testCases.TestCases" time="30.164" errors="0" timestamp="2022-10-13T09:12:44 IST" skipped="0">
  <testcase classname="testCases.TestCases" name="validate" time="30.164"/>
  <system-out/>
</testsuite> <!-- testCases.TestCases -->
